<?xml version="1.0" encoding="UTF-8"?>
<testsuite xmlns:xsi="http://www.w3.org/2001/XMLSchema-instance" xsi:noNamespaceSchemaLocation="https://maven.apache.org/surefire/maven-surefire-plugin/xsd/surefire-test-report.xsd" version="3.0.2" name="com.bst.bst_api.controller.TreeControllerPreviousTest" time="1.743" tests="1" errors="0" skipped="0" failures="0">
  <properties>
[...]
</properties>
  <testcase name="testPreviousTreesEndpoint" classname="com.bst.bst_api.controller.TreeControllerPreviousTest" time="0.346">
    <system-out><![CDATA[00:12:43.606 [main] INFO org.springframework.test.context.support.AnnotationConfigContextLoaderUtils -- Could not detect default configuration classes for test class [com.bst.bst_api.controller.TreeControllerPreviousTest]: TreeControllerPreviousTest does not declare any static, non-private, non-final, nested classes annotated with @Configuration.
00:12:43.665 [main] INFO org.springframework.boot.test.context.SpringBootTestContextBootstrapper -- Found @SpringBootConfiguration com.bst.bst_api.BstApiApplication for test class com.bst.bst_api.controller.TreeControllerPreviousTest

  .   ____          _            __ _ _
 /\\ / ___'_ __ _ _(_)_ __  __ _ \ \ \ \
( ( )\___ | '_ | '_| | '_ \/ _` | \ \ \ \
 \\/  ___)| |_)| | | | | || (_| |  ) ) ) )
  '  |____| .__|_| |_|_| |_\__, | / / / /
 =========|_|==============|___/=/_/_/_/

 :: Spring Boot ::                (v3.5.5)

2025-08-27T00:12:43.800-04:00  INFO 78214 --- [bst-api] [           main] c.b.b.c.TreeControllerPreviousTest       : Starting TreeControllerPreviousTest using Java 24.0.2 with PID 78214 (started by todayisthorsday in /Users/todayisthorsday/Documents/GitHub/MA-BST-Sem4FinalSprint-DAS)
2025-08-27T00:12:43.801-04:00  INFO 78214 --- [bst-api] [           main] c.b.b.c.TreeControllerPreviousTest       : No active profile set, falling back to 1 default profile: "default"
2025-08-27T00:12:44.020-04:00  INFO 78214 --- [bst-api] [           main] .s.d.r.c.RepositoryConfigurationDelegate : Bootstrapping Spring Data JPA repositories in DEFAULT mode.
2025-08-27T00:12:44.038-04:00  INFO 78214 --- [bst-api] [           main] .s.d.r.c.RepositoryConfigurationDelegate : Finished Spring Data repository scanning in 14 ms. Found 1 JPA repository interface.
2025-08-27T00:12:44.190-04:00  INFO 78214 --- [bst-api] [           main] o.hibernate.jpa.internal.util.LogHelper  : HHH000204: Processing PersistenceUnitInfo [name: default]
2025-08-27T00:12:44.208-04:00  INFO 78214 --- [bst-api] [           main] org.hibernate.Version                    : HHH000412: Hibernate ORM core version 6.6.26.Final
2025-08-27T00:12:44.217-04:00  INFO 78214 --- [bst-api] [           main] o.h.c.internal.RegionFactoryInitiator    : HHH000026: Second-level cache disabled
2025-08-27T00:12:44.317-04:00  INFO 78214 --- [bst-api] [           main] o.s.o.j.p.SpringPersistenceUnitInfo      : No LoadTimeWeaver setup: ignoring JPA class transformer
2025-08-27T00:12:44.326-04:00  INFO 78214 --- [bst-api] [           main] com.zaxxer.hikari.HikariDataSource       : HikariPool-1 - Starting...
2025-08-27T00:12:44.383-04:00  INFO 78214 --- [bst-api] [           main] com.zaxxer.hikari.pool.HikariPool        : HikariPool-1 - Added connection conn0: url=jdbc:h2:mem:testdb user=SA
2025-08-27T00:12:44.384-04:00  INFO 78214 --- [bst-api] [           main] com.zaxxer.hikari.HikariDataSource       : HikariPool-1 - Start completed.
2025-08-27T00:12:44.406-04:00  INFO 78214 --- [bst-api] [           main] org.hibernate.orm.connections.pooling    : HHH10001005: Database info:
	Database JDBC URL [Connecting through datasource 'HikariDataSource (HikariPool-1)']
	Database driver: undefined/unknown
	Database version: 2.3.232
	Autocommit mode: undefined/unknown
	Isolation level: undefined/unknown
	Minimum pool size: undefined/unknown
	Maximum pool size: undefined/unknown
2025-08-27T00:12:44.668-04:00  INFO 78214 --- [bst-api] [           main] o.h.e.t.j.p.i.JtaPlatformInitiator       : HHH000489: No JTA platform available (set 'hibernate.transaction.jta.platform' to enable JTA platform integration)
2025-08-27T00:12:44.689-04:00  INFO 78214 --- [bst-api] [           main] j.LocalContainerEntityManagerFactoryBean : Initialized JPA EntityManagerFactory for persistence unit 'default'
2025-08-27T00:12:44.795-04:00  WARN 78214 --- [bst-api] [           main] JpaBaseConfiguration$JpaWebConfiguration : spring.jpa.open-in-view is enabled by default. Therefore, database queries may be performed during view rendering. Explicitly configure spring.jpa.open-in-view to disable this warning
2025-08-27T00:12:44.908-04:00  INFO 78214 --- [bst-api] [           main] o.s.b.a.h2.H2ConsoleAutoConfiguration    : H2 console available at '/h2-console'. Database available at 'jdbc:h2:mem:testdb'
2025-08-27T00:12:44.934-04:00  INFO 78214 --- [bst-api] [           main] o.s.b.t.m.w.SpringBootMockServletContext : Initializing Spring TestDispatcherServlet ''
2025-08-27T00:12:44.935-04:00  INFO 78214 --- [bst-api] [           main] o.s.t.web.servlet.TestDispatcherServlet  : Initializing Servlet ''
2025-08-27T00:12:44.935-04:00  INFO 78214 --- [bst-api] [           main] o.s.t.web.servlet.TestDispatcherServlet  : Completed initialization in 0 ms
2025-08-27T00:12:44.945-04:00  INFO 78214 --- [bst-api] [           main] c.b.b.c.TreeControllerPreviousTest       : Started TreeControllerPreviousTest in 1.233 seconds (process running for 1.59)
]]></system-out>
    <system-err><![CDATA[Mockito is currently self-attaching to enable the inline-mock-maker. This will no longer work in future releases of the JDK. Please add Mockito as an agent to your build as described in Mockito's documentation: https://javadoc.io/doc/org.mockito/mockito-core/latest/org.mockito/org/mockito/Mockito.html#0.3
WARNING: A Java agent has been loaded dynamically (/Users/todayisthorsday/.m2/repository/net/bytebuddy/byte-buddy-agent/1.17.7/byte-buddy-agent-1.17.7.jar)
WARNING: If a serviceability tool is in use, please run with -XX:+EnableDynamicAgentLoading to hide this warning
WARNING: If a serviceability tool is not in use, please run with -Djdk.instrument.traceUsage for more information
WARNING: Dynamic loading of agents will be disallowed by default in a future release
]]></system-err>
  </testcase>
</testsuite>